<?xml version="1.0" encoding="UTF-8"?>
<!-- Generated by org.testng.reporters.JUnitXMLReporter -->
<testsuite hostname="DESKTOP-FID49DI" ignored="0" name="Automation_Test_Suite" tests="7" failures="0" timestamp="26 Feb 2022 07:30:10 GMT" time="138.118" errors="0">
  <testcase name="userName_Field_Displayed" time="3.188" classname="com.testScript.SauceDemoUI_Test"/>
  <testcase name="userName_Field_Enabled" time="2.409" classname="com.testScript.SauceDemoUI_Test"/>
  <testcase name="password_Field_Displayed" time="0.095" classname="com.testScript.SauceDemoUI_Test"/>
  <testcase name="password_Field_Enabled" time="0.034" classname="com.testScript.SauceDemoUI_Test"/>
  <testcase name="login_Field_Displayed" time="2.309" classname="com.testScript.SauceDemoUI_Test"/>
  <testcase name="login_Field_Enabled" time="0.027" classname="com.testScript.SauceDemoUI_Test"/>
  <testcase name="no_input_Check_validation" time="8.433" classname="com.testScript.SauceDemoUI_Test"/>
</testsuite> <!-- Automation_Test_Suite -->
